Arguments: 
  C:\Program Files\nodejs\node.exe C:\Program Files (x86)\Yarn\bin\yarn.js add firebase

PATH: 
  C:\Python312\Scripts\;C:\Python312\;C:\Program Files\Common Files\Oracle\Java\javapath;C:\WINDOWS\system32;C:\WINDOWS;C:\WINDOWS\System32\Wbem;C:\WINDOWS\System32\WindowsPowerShell\v1.0\;C:\WINDOWS\System32\OpenSSH\;C:\Program Files\Git\cmd;C:\Program Files (x86)\Yarn\bin\;C:\Program Files\Java\jdk1.8.0_181\bin;C:\Users\office-31\AppData\Local\Android\Sdk;C:\Users\office-31\AppData\Local\Android\Sdk\platform-tools;C:\Users\office-31\AppData\Local\Android\Sdk\tools;C:\Users\office-31\AppData\Local\Android\Sdk\build-tools;C:\Program Files\OpenSSL-Win64\bin;C:\Users\office-31\AppData\Roaming\nvm;C:\Program Files\nodejs;C:\XAMMP\php;C:\ProgramData\ComposerSetup\bin;C:\Program Files\nodejs\;C:\ProgramData\chocolatey\bin;C:\Users\office-31\AppData\Local\Microsoft\WindowsApps;C:\Users\office-31\AppData\Local\GitHubDesktop\bin;C:\Users\office-31\AppData\Local\Yarn\bin;C:\Users\office-31\AppData\Local\Programs\Microsoft VS Code\bin;C:\Program Files\MongoDB\Server\6.0\bin;C:\Users\office-31\AppData\Roaming\nvm;C:\Program Files\nodejs;C:\Users\office-31\AppData\Roaming\Composer\vendor\bin;C:\Users\office-31\AppData\Roaming\npm

Yarn version: 
  1.22.5

Node version: 
  20.10.0

Platform: 
  win32 x64

Trace: 
  Error: EPERM: operation not permitted, unlink 'C:\Users\office-31\OneDrive\Desktop\KhuleshNextJs\shopping-cart\node_modules\@next\swc-win32-x64-msvc\next-swc.win32-x64-msvc.node'

npm manifest: 
  {
    "name": "shopping-cart",
    "version": "0.1.0",
    "private": true,
    "scripts": {
      "dev": "next dev",
      "build": "next build",
      "start": "next start",
      "lint": "next lint"
    },
    "dependencies": {
      "@emotion/react": "^11.11.4",
      "@emotion/styled": "^11.11.0",
      "@fortawesome/fontawesome-free": "^6.5.1",
      "@fortawesome/free-regular-svg-icons": "^6.5.1",
      "@fortawesome/free-solid-svg-icons": "^6.5.1",
      "@fortawesome/react-fontawesome": "^0.2.0",
      "@mui/icons-material": "^5.15.12",
      "@mui/material": "^5.15.12",
      "antd": "^5.15.0",
      "bootstrap": "^5.3.3",
      "firebase": "^10.8.1",
      "lucide-react": "^0.354.0",
      "next": "14.1.0",
      "react": "^18",
      "react-bootstrap": "^2.10.1",
      "react-dom": "^18",
      "react-redux": "^9.1.0",
      "react-slick": "^0.30.2",
      "slick-carousel": "^1.8.1"
    },
    "devDependencies": {
      "@types/node": "^20",
      "@types/react": "^18",
      "@types/react-dom": "^18",
      "@types/react-slick": "^0.23.13",
      "sass": "^1.71.1",
      "typescript": "^5"
    },
    "description": "This is a [Next.js](https://nextjs.org/) project bootstrapped with [`create-next-app`](https://github.com/vercel/next.js/tree/canary/packages/create-next-app).",
    "main": "index.js",
    "keywords": [],
    "author": "",
    "license": "ISC"
  }

yarn manifest: 
  No manifest

Lockfile: 
  No lockfile
